"File: eeprom.c      Assembler  Version HGASM0202      Page 1


   1  0000              ; Generated by holtek-gcc v3.14, Sun May 06 10:06:57 2018
   2  0000              ; 
   3  0000              ; Configuration:
   4  0000              ;       without long instruction
   5  0000              ;       Single ROM, Multi-RAM
   6  0000              ;       bits_per_rom_unit:16
   7  0000              ;       with mp1
   8  0000              ;       with tbhp, address(0x9)
   9  0000              ;          Use tabrd-const
  10  0000              ;       
  11  0000              ;       
  12  0000              ;       
  13  0000              ; use 'tabrdc' instead of 'tabrd'
  14  0000              ;       
  15  0000              
  16  0000              #pragma translator "holtek-gcc 4.6.4" "3.14" "build 20130711"
  17  0000              ; Rebuild 10
  18  0000              
  19  0000              ir equ [2]
  20  0000              mp equ [3]
  21  0000              sbp equ [1]
  22  0000              acc equ [5]
  23  0000              bp equ [4]
  24  0000              tblp equ [7]
  25  0000              tbhp equ [9]
  26  0000              status equ [10]
  27  0000              c equ [10].0
  28  0000              ac equ [10].1
  29  0000              z equ [10].2
  30  0000              ov equ [10].3
  31  0000              intc equ [11]
  32  0000              
  33  0000              extern ra:byte
  34  0000              extern rb:byte
  35  0000              extern rc:byte
  36  0000              extern rd:byte
  37  0000              extern re:byte
  38  0000              extern rf:byte
  39  0000              extern rg:byte
  40  0000              extern rh:byte
  41  0000              extern _Crom2Prom:near
  42  0000              extern _Crom2PromNext:near
  43  0000              
  44  0000              RAMBANK 0 @HCCINIT, @HCCINIT0
  45  0000              
  46  0000              RAMBANK 0 @BITDATASEC, @BITDATASEC1
  47  0000              @HCCINIT	.section 'data'
  48  0000              @HCCINIT0	.section 'data'
  49  0000              @BITDATASEC	 .section 'data'
  50  0000              @BITDATASEC1	 .section 'data'
  51  0000              
  52  0000              #pragma debug scope 1 1
  53  0000              	extern __DELAY3:near
  54  0000              	extern __DELAYX3:near
  55  0000              	extern __DELAYX6:near
  56  0000              	extern __DELAYY5:near
  57  0000              	extern __DELAYY3:near
  58  0000              	extern _builtin_holtek_delay_2:byte
  59  0000              public _EEPROM_init
"File: eeprom.ASM    Assembler  Version HGASM0202      Page 2

  60  0000              #pragma debug scope 2 1

  22  0000              #line 22 "E:\1_TOSHIBA\Projects\voltage_stabilizer\PeakDetector_v0.3\eeprom.c"
  22  0000              _EEPROM_init .section 'code'
  22  0000              _EEPROM_init proc
  23  0000              #line 23 "E:\1_TOSHIBA\Projects\voltage_stabilizer\PeakDetector_v0.3\eeprom.c"
  23  0000  1F00     R  	clr _stSCTR_addr[0]
  24  0001              #line 24 "E:\1_TOSHIBA\Projects\voltage_stabilizer\PeakDetector_v0.3\eeprom.c"
  24  0001  1F00     R  	clr _stSCTR_data[0]
  25  0002              #line 25 "E:\1_TOSHIBA\Projects\voltage_stabilizer\PeakDetector_v0.3\eeprom.c"
  25  0002  0F78        	mov a,120
  25  0003  0080     R  	mov _ndSCTR_addr[0],a
  26  0004              #line 26 "E:\1_TOSHIBA\Projects\voltage_stabilizer\PeakDetector_v0.3\eeprom.c"
  26  0004  1F00     R  	clr _ndSCTR_data[0]
  27  0005              #line 27 "E:\1_TOSHIBA\Projects\voltage_stabilizer\PeakDetector_v0.3\eeprom.c"
  27  0005  1F00     R  	clr _flag[0]
  27  0006  0003        	ret
  27  0007              _EEPROM_init endp
  27  0007              #line 27 "E:\1_TOSHIBA\Projects\voltage_stabilizer\PeakDetector_v0.3\eeprom.c"
  27  0007              #pragma debug scope 1 1
  27  0007              ___eea equ [30]
  27  0007              ___mp1 equ [3]
  27  0007              ___bp equ [4]
  27  0007              ___iar1 equ [2]
  27  0007              ___eed equ [31]
  27  0007              public _EEPROM_getData
  27  0007              #pragma debug scope 3 1
 121  0007              #line 121 "E:\1_TOSHIBA\Projects\voltage_stabilizer\PeakDetector_v0.3\eeprom.c"
 121  0000              _EEPROM_getData .section 'code'
 121  0000              _EEPROM_getData proc
 122  0000              #line 122 "E:\1_TOSHIBA\Projects\voltage_stabilizer\PeakDetector_v0.3\eeprom.c"
 122  0000  0700     R  	mov a,_stSCTR_addr[0]
 122  0001  009E        	mov [30],a
 122  0002  0F40        	mov a,64
 122  0003  0083        	mov [3],a
 122  0004  0F01        	mov a,1
 122  0005  0084        	mov [4],a
 122  0006  3082        	set [2].1
 122  0007  3002        	set [2].0
 122  0008              _L4:
 122  0008              #line 122 "E:\1_TOSHIBA\Projects\voltage_stabilizer\PeakDetector_v0.3\eeprom.c"
 122  0008  3C02        	sz [2].0
 122  0009  2800     R  	jmp _L4
 122  000A  1F02        	clr [2]
 122  000B  1F04        	clr [4]
 122  000C  071F        	mov a,[31]
 122  000D  0080     R  	mov _stSCTR_data[0],a
 123  000E              #line 123 "E:\1_TOSHIBA\Projects\voltage_stabilizer\PeakDetector_v0.3\eeprom.c"
 123  000E  0700     R  	mov a,_stSCTR_data[0]
 123  000F  0080     E  	mov ra,a
 124  0010              #line 124 "E:\1_TOSHIBA\Projects\voltage_stabilizer\PeakDetector_v0.3\eeprom.c"
 124  0010  0700     E  	mov a,ra
 124  0011  0003        	ret
 124  0012              _EEPROM_getData endp
 124  0012              #line 124 "E:\1_TOSHIBA\Projects\voltage_stabilizer\PeakDetector_v0.3\eeprom.c"
 124  0012              #pragma debug scope 1 1
 124  0012              public _EEPROM_setAddr
 124  0012              #pragma debug scope 4 1
 127  0012              #line 127 "E:\1_TOSHIBA\Projects\voltage_stabilizer\PeakDetector_v0.3\eeprom.c"
 127  0000              _EEPROM_setAddr .section 'code'
"File: eeprom.c      Assembler  Version HGASM0202      Page 3

 127  0000              _EEPROM_setAddr proc
 127  0000  00              local _EEPROM_setAddr_2 db 1 dup(?)	; 0,1
 127  0000  0080     E  	mov ra,a
 127  0001              #pragma debug variable 8 4 _EEPROM_setAddr_2+0 "addr"
 128  0001              #line 128 "E:\1_TOSHIBA\Projects\voltage_stabilizer\PeakDetector_v0.3\eeprom.c"
 128  0001  0700     E  	mov a,ra
 128  0002  0080     R  	mov _stSCTR_addr[0],a
 128  0003  0003        	ret
 128  0004              _EEPROM_setAddr endp
 128  0004              #line 128 "E:\1_TOSHIBA\Projects\voltage_stabilizer\PeakDetector_v0.3\eeprom.c"
 128  0004              #pragma debug scope 1 1
 128  0004              public _EEPROM_getAddr
 128  0004              #pragma debug scope 5 1
 132  0004              #line 132 "E:\1_TOSHIBA\Projects\voltage_stabilizer\PeakDetector_v0.3\eeprom.c"
 132  0000              _EEPROM_getAddr .section 'code'
 132  0000              _EEPROM_getAddr proc
 133  0000              #line 133 "E:\1_TOSHIBA\Projects\voltage_stabilizer\PeakDetector_v0.3\eeprom.c"
 133  0000  0700     R  	mov a,_stSCTR_addr[0]
 133  0001  0080     E  	mov ra,a
 134  0002              #line 134 "E:\1_TOSHIBA\Projects\voltage_stabilizer\PeakDetector_v0.3\eeprom.c"
 134  0002  0700     E  	mov a,ra
 134  0003  0003        	ret
 134  0004              _EEPROM_getAddr endp
 134  0004              #line 134 "E:\1_TOSHIBA\Projects\voltage_stabilizer\PeakDetector_v0.3\eeprom.c"
 134  0004              #pragma debug scope 1 1
 134  0000              @crom	.section 'crom'
 134  0000              _LC0:
 134  0000              	db 041h,064h,064h,072h,065h,073h,073h,020h,056h,06fh,06ch,074h,061h,067h,065h,00h
 134  0008              _LC1:
 134  0008              	db 0ah,0dh,00h
 134  000A              _LC2:
 134  000A              	db 02dh,02dh,02dh,02dh,02dh,02dh,02dh,02dh,02dh,02dh,053h,054h,041h,052h,054h,05fh,031h,053h,054h,05fh,053h,045h,043h,054h,04fh,052h,02dh,02dh,02dh,02dh,02dh,02dh,02dh,02dh,02dh,02dh,00h
 134  001C              _LC3:
 134  001C              	db 02dh,02dh,02dh,02dh,02dh,02dh,02dh,02dh,02dh,02dh,053h,054h,041h,052h,054h,05fh,032h,04eh,044h,05fh,053h,045h,043h,054h,04fh,052h,02dh,02dh,02dh,02dh,02dh,02dh,02dh,02dh,02dh,02dh,00h
 134  002F              _LC4:
 134  002F              	db 02dh,02dh,02dh,02dh,02dh,02dh,02dh,02dh,02dh,02dh,041h,044h,044h,052h,02eh,05fh,050h,04fh,049h,04eh,054h,045h,052h,02dh,02dh,02dh,02dh,02dh,02dh,02dh,02dh,02dh,02dh,00h
 134  0040              _LC5:
 134  0040              	db 020h,00h
 134  0041              _LC6:
 134  0041              	db 02dh,02dh,02dh,02dh,02dh,02dh,02dh,02dh,02dh,02dh,02dh,02dh,045h,04eh,044h,02dh,02dh,02dh,02dh,02dh,02dh,02dh,02dh,02dh,02dh,02dh,02dh,00h
 134  004F              ___pc equ [65]
 134  004F              ___intc0 equ [14]
 134  004F              public _EEPROM_update
 134  004F              #pragma debug scope 6 1
  32  004F              #line 32 "E:\1_TOSHIBA\Projects\voltage_stabilizer\PeakDetector_v0.3\eeprom.c"
  32  0000              _EEPROM_update .section 'code'
  32  0000              _EEPROM_update proc
  32  0000  000A[           local _EEPROM_update_2 db 10 dup(?)	; 0,10
            00
            ]
  32  000A              #pragma debug variable 8 6 _EEPROM_update_2+5 "i"
  32  000A              #pragma debug array 42 8 5 6
  32  000A              #pragma debug array 42 8 5 6
  32  000A              #pragma debug variable 42 6 _EEPROM_update_2+0 "cac"
  35  000A              #line 35 "E:\1_TOSHIBA\Projects\voltage_stabilizer\PeakDetector_v0.3\eeprom.c"
  35  0000  2000     E  	call _ADC_getSignal
  35  0001  0080     E  	mov ra,a
  35  0002  1080     E  	sz ra
  35  0003  2800     R  	jmp _LI1
  35  0004  2800     R  	jmp _L8
"File: eeprom.c      Assembler  Version HGASM0202      Page 4

  35  0005              _LI1:
  37  0005              #line 37 "E:\1_TOSHIBA\Projects\voltage_stabilizer\PeakDetector_v0.3\eeprom.c"
  37  0005  1080     R  	sz _flag[0]
  37  0006  2800     R  	jmp _L10
  37  0007  1F00     E  	clr ra
  37  0008              _L11:
  37  0008              #pragma debug scope 7 6
  37  0008              ;begin block, line: 37.-1
  37  0008  0F00     R  	mov a,low offset _LC0
  37  0009  0300     E  	add a,ra
  37  000A  0083        	mov mp,a
  37  000B  0F00     R  	mov a,high offset _LC0
  37  000C  1F01        	clr sbp
  37  000D  1381        	adcm a,sbp
  37  000E  2000     E  	call _Crom2Prom
  37  000F  0080     E  	mov rb,a
  37  0010  1080     E  	sz rb
  37  0011  2800     R  	jmp _LI2
  37  0012  2800     R  	jmp _L16
  37  0013              _LI2:
  37  0013              _L13:
  37  0013  3855        	snz [85].0
  37  0014  2800     R  	jmp _L13
  37  0015  0700     E  	mov a,rb
  37  0016  00D9        	mov [89],a
  37  0017  1480     E  	inc ra
  37  0018  2800     R  	jmp _L11
  37  0019              _L16:
  37  0019  3855        	snz [85].0
  37  001A  2800     R  	jmp _L16
  37  001B  1F59        	clr [89]
  37  001C              #pragma debug scope 6 1
  37  001C              #pragma debug scope 8 6
  37  001C              ;begin block, line: 37.-1
  37  001C  1F00     E  	clr ra
  37  001D              _L17:
  37  001D  0F00     R  	mov a,low offset _LC1
  37  001E  0300     E  	add a,ra
  37  001F  0083        	mov mp,a
  37  0020  0F00     R  	mov a,high offset _LC1
  37  0021  1F01        	clr sbp
  37  0022  1381        	adcm a,sbp
  37  0023  2000     E  	call _Crom2Prom
  37  0024  0080     E  	mov rb,a
  37  0025  1080     E  	sz rb
  37  0026  2800     R  	jmp _LI3
  37  0027  2800     R  	jmp _L22
  37  0028              _LI3:
  37  0028              _L19:
  37  0028  3855        	snz [85].0
  37  0029  2800     R  	jmp _L19
  37  002A  0700     E  	mov a,rb
  37  002B  00D9        	mov [89],a
  37  002C  1480     E  	inc ra
  37  002D  2800     R  	jmp _L17
  37  002E              _L22:
  37  002E  3855        	snz [85].0
  37  002F  2800     R  	jmp _L22
  37  0030  1F59        	clr [89]
  37  0031              #pragma debug scope 6 1
"File: eeprom.c      Assembler  Version HGASM0202      Page 5

  37  0031  0F01        	mov a,1
  37  0032  0080     R  	mov _flag[0],a
  37  0033              _L10:
  38  0033              #line 38 "E:\1_TOSHIBA\Projects\voltage_stabilizer\PeakDetector_v0.3\eeprom.c"
  38  0033  2000     E  	call _UART_getSignal
  38  0034  0080     E  	mov ra,a
  38  0035  1080     E  	sz ra
  38  0036  2800     R  	jmp _LI4
  38  0037  2800     R  	jmp _L23
  38  0038              _LI4:
  38  0038  0F81        	mov a,-127
  38  0039  0080     R  	mov _EEPROM_update_2[6],a
  38  003A  1F00     R  	clr _EEPROM_update_2[7]
  38  003B  1F00     R  	clr _EEPROM_update_2[5]
  38  003C              _L24:
  38  003C  0FFF        	mov a,255
  38  003D  0300     R  	add a,_EEPROM_update_2[6]
  38  003E  0080     R  	mov _EEPROM_update_2[8],a
  38  003F  0FFF        	mov a,255
  38  0040  1300     R  	adc a,_EEPROM_update_2[7]
  38  0041  0080     R  	mov _EEPROM_update_2[9],a
  40  0042              #line 40 "E:\1_TOSHIBA\Projects\voltage_stabilizer\PeakDetector_v0.3\eeprom.c"
  40  0042  0700     R  	mov a,_EEPROM_update_2[8]
  40  0043  0500     R  	or a,_EEPROM_update_2[9]
  40  0044  3D0A        	sz z
  40  0045  2800     R  	jmp _L154
  42  0046              #line 42 "E:\1_TOSHIBA\Projects\voltage_stabilizer\PeakDetector_v0.3\eeprom.c"
  42  0046  1F00     E  	clr ra
  42  0047  1080     R  	sz _EEPROM_update_2[5]
  42  0048  2800     R  	jmp _L155
  42  0049              _L26:
  42  0049              #pragma debug scope 9 6
  42  0049              ;begin block, line: 42.-1
  44  0049              #line 44 "E:\1_TOSHIBA\Projects\voltage_stabilizer\PeakDetector_v0.3\eeprom.c"
  44  0049  0F00     R  	mov a,low offset _LC2
  44  004A  0300     E  	add a,ra
  44  004B  0083        	mov mp,a
  44  004C  0F00     R  	mov a,high offset _LC2
  44  004D  1F01        	clr sbp
  44  004E  1381        	adcm a,sbp
  44  004F  2000     E  	call _Crom2Prom
  44  0050  0080     E  	mov rb,a
  44  0051  1080     E  	sz rb
  44  0052  2800     R  	jmp _LI5
  44  0053  2800     R  	jmp _L31
  44  0054              _LI5:
  44  0054              _L28:
  44  0054  3855        	snz [85].0
  44  0055  2800     R  	jmp _L28
  44  0056  0700     E  	mov a,rb
  44  0057  00D9        	mov [89],a
  44  0058  1480     E  	inc ra
  44  0059  2800     R  	jmp _L26
  44  005A              _L31:
  44  005A  3855        	snz [85].0
  44  005B  2800     R  	jmp _L31
  44  005C  1F59        	clr [89]
  44  005D              #pragma debug scope 6 1
  44  005D              #pragma debug scope 10 6
  44  005D              ;begin block, line: 44.-1
"File: eeprom.c      Assembler  Version HGASM0202      Page 6

  45  005D              #line 45 "E:\1_TOSHIBA\Projects\voltage_stabilizer\PeakDetector_v0.3\eeprom.c"
  45  005D  1F00     E  	clr ra
  45  005E              _L32:
  45  005E  0F00     R  	mov a,low offset _LC1
  45  005F  0300     E  	add a,ra
  45  0060  0083        	mov mp,a
  45  0061  0F00     R  	mov a,high offset _LC1
  45  0062  1F01        	clr sbp
  45  0063  1381        	adcm a,sbp
  45  0064  2000     E  	call _Crom2Prom
  45  0065  0080     E  	mov rb,a
  45  0066  1080     E  	sz rb
  45  0067  2800     R  	jmp _LI6
  45  0068  2800     R  	jmp _L37
  45  0069              _LI6:
  45  0069              _L34:
  45  0069  3855        	snz [85].0
  45  006A  2800     R  	jmp _L34
  45  006B  0700     E  	mov a,rb
  45  006C  00D9        	mov [89],a
  45  006D  1480     E  	inc ra
  45  006E  2800     R  	jmp _L32
  45  006F              _L37:
  45  006F  3855        	snz [85].0
  45  0070  2800     R  	jmp _L37
  45  0071  2800     R  	jmp _L152
  45  0072              _L155:
  45  0072              #pragma debug scope 6 1
  47  0072              #line 47 "E:\1_TOSHIBA\Projects\voltage_stabilizer\PeakDetector_v0.3\eeprom.c"
  47  0072  1F00     E  	clr ra
  47  0073  0700     R  	mov a,_EEPROM_update_2[5]
  47  0074  0A78        	sub a,120
  47  0075  390A        	snz z
  47  0076  2800     R  	jmp _L156
  47  0077              _L40:
  47  0077              #pragma debug scope 11 6
  47  0077              ;begin block, line: 47.-1
  49  0077              #line 49 "E:\1_TOSHIBA\Projects\voltage_stabilizer\PeakDetector_v0.3\eeprom.c"
  49  0077  0F00     R  	mov a,low offset _LC3
  49  0078  0300     E  	add a,ra
  49  0079  0083        	mov mp,a
  49  007A  0F00     R  	mov a,high offset _LC3
  49  007B  1F01        	clr sbp
  49  007C  1381        	adcm a,sbp
  49  007D  2000     E  	call _Crom2Prom
  49  007E  0080     E  	mov rb,a
  49  007F  1080     E  	sz rb
  49  0080  2800     R  	jmp _LI7
  49  0081  2800     R  	jmp _L45
  49  0082              _LI7:
  49  0082              _L42:
  49  0082  3855        	snz [85].0
  49  0083  2800     R  	jmp _L42
  49  0084  0700     E  	mov a,rb
  49  0085  00D9        	mov [89],a
  49  0086  1480     E  	inc ra
  49  0087  2800     R  	jmp _L40
  49  0088              _L45:
  49  0088  3855        	snz [85].0
  49  0089  2800     R  	jmp _L45
"File: eeprom.c      Assembler  Version HGASM0202      Page 7

  49  008A  1F59        	clr [89]
  49  008B              #pragma debug scope 6 1
  49  008B              #pragma debug scope 12 6
  49  008B              ;begin block, line: 49.-1
  50  008B              #line 50 "E:\1_TOSHIBA\Projects\voltage_stabilizer\PeakDetector_v0.3\eeprom.c"
  50  008B  1F00     E  	clr ra
  50  008C              _L46:
  50  008C  0F00     R  	mov a,low offset _LC1
  50  008D  0300     E  	add a,ra
  50  008E  0083        	mov mp,a
  50  008F  0F00     R  	mov a,high offset _LC1
  50  0090  1F01        	clr sbp
  50  0091  1381        	adcm a,sbp
  50  0092  2000     E  	call _Crom2Prom
  50  0093  0080     E  	mov rb,a
  50  0094  1080     E  	sz rb
  50  0095  2800     R  	jmp _LI8
  50  0096  2800     R  	jmp _L51
  50  0097              _LI8:
  50  0097              _L48:
  50  0097  3855        	snz [85].0
  50  0098  2800     R  	jmp _L48
  50  0099  0700     E  	mov a,rb
  50  009A  00D9        	mov [89],a
  50  009B  1480     E  	inc ra
  50  009C  2800     R  	jmp _L46
  50  009D              _L51:
  50  009D  3855        	snz [85].0
  50  009E  2800     R  	jmp _L51
  50  009F  2800     R  	jmp _L152
  50  00A0              _L156:
  50  00A0              #pragma debug scope 6 1
  52  00A0              #line 52 "E:\1_TOSHIBA\Projects\voltage_stabilizer\PeakDetector_v0.3\eeprom.c"
  52  00A0  1F00     E  	clr ra
  52  00A1  0700     R  	mov a,_EEPROM_update_2[5]
  52  00A2  0A7F        	sub a,127
  52  00A3  390A        	snz z
  52  00A4  2800     R  	jmp _L38
  52  00A5              _L52:
  52  00A5              #pragma debug scope 13 6
  52  00A5              ;begin block, line: 52.-1
  54  00A5              #line 54 "E:\1_TOSHIBA\Projects\voltage_stabilizer\PeakDetector_v0.3\eeprom.c"
  54  00A5  0F00     R  	mov a,low offset _LC4
  54  00A6  0300     E  	add a,ra
  54  00A7  0083        	mov mp,a
  54  00A8  0F00     R  	mov a,high offset _LC4
  54  00A9  1F01        	clr sbp
  54  00AA  1381        	adcm a,sbp
  54  00AB  2000     E  	call _Crom2Prom
  54  00AC  0080     E  	mov rb,a
  54  00AD  1080     E  	sz rb
  54  00AE  2800     R  	jmp _LI9
  54  00AF  2800     R  	jmp _L57
  54  00B0              _LI9:
  54  00B0              _L54:
  54  00B0  3855        	snz [85].0
  54  00B1  2800     R  	jmp _L54
  54  00B2  0700     E  	mov a,rb
  54  00B3  00D9        	mov [89],a
  54  00B4  1480     E  	inc ra
"File: eeprom.c      Assembler  Version HGASM0202      Page 8

  54  00B5  2800     R  	jmp _L52
  54  00B6              _L57:
  54  00B6  3855        	snz [85].0
  54  00B7  2800     R  	jmp _L57
  54  00B8  1F59        	clr [89]
  54  00B9              #pragma debug scope 6 1
  54  00B9              #pragma debug scope 14 6
  54  00B9              ;begin block, line: 54.-1
  55  00B9              #line 55 "E:\1_TOSHIBA\Projects\voltage_stabilizer\PeakDetector_v0.3\eeprom.c"
  55  00B9  1F00     E  	clr ra
  55  00BA              _L58:
  55  00BA  0F00     R  	mov a,low offset _LC1
  55  00BB  0300     E  	add a,ra
  55  00BC  0083        	mov mp,a
  55  00BD  0F00     R  	mov a,high offset _LC1
  55  00BE  1F01        	clr sbp
  55  00BF  1381        	adcm a,sbp
  55  00C0  2000     E  	call _Crom2Prom
  55  00C1  0080     E  	mov rb,a
  55  00C2  1080     E  	sz rb
  55  00C3  2800     R  	jmp _LI10
  55  00C4  2800     R  	jmp _L63
  55  00C5              _LI10:
  55  00C5              _L60:
  55  00C5  3855        	snz [85].0
  55  00C6  2800     R  	jmp _L60
  55  00C7  0700     E  	mov a,rb
  55  00C8  00D9        	mov [89],a
  55  00C9  1480     E  	inc ra
  55  00CA  2800     R  	jmp _L58
  55  00CB              _L63:
  55  00CB  3855        	snz [85].0
  55  00CC  2800     R  	jmp _L63
  55  00CD              _L152:
  55  00CD  1F59        	clr [89]
  55  00CE              _L38:
  55  00CE              #pragma debug scope 6 1
  57  00CE              #line 57 "E:\1_TOSHIBA\Projects\voltage_stabilizer\PeakDetector_v0.3\eeprom.c"
  57  00CE  0700     R  	mov a,_EEPROM_update_2[5]
  57  00CF  2000     R  	call _EEPROM_setAddr
  58  00D0              #line 58 "E:\1_TOSHIBA\Projects\voltage_stabilizer\PeakDetector_v0.3\eeprom.c"
  58  00D0  0F00     R  	mov a,low offset _EEPROM_update_2
  58  00D1  0080     E  	mov _itoa_2[2],a
  58  00D2  0F00     R  	mov a,high offset _EEPROM_update_2
  58  00D3  0080     E  	mov _itoa_2[3],a
  58  00D4  0F81        	mov a,129
  58  00D5  0200     R  	sub a,_EEPROM_update_2[6]
  58  00D6  0080     E  	mov ra,a
  58  00D7  0F00        	mov a,0
  58  00D8  1200     R  	sbc a,_EEPROM_update_2[7]
  58  00D9  0080     E  	mov rb,a
  58  00DA  0700     E  	mov a,ra
  58  00DB  0080     E  	mov _itoa_2[0],a
  58  00DC  0700     E  	mov a,rb
  58  00DD  0080     E  	mov _itoa_2[1],a
  58  00DE  2000     E  	call _itoa
  58  00DF              #pragma debug scope 15 6
  58  00DF              ;begin block, line: 58.-1
  59  00DF              #line 59 "E:\1_TOSHIBA\Projects\voltage_stabilizer\PeakDetector_v0.3\eeprom.c"
  59  00DF  1F00     E  	clr ra
"File: eeprom.c      Assembler  Version HGASM0202      Page 9

  59  00E0              _L64:
  59  00E0  0F00     R  	mov a,low offset _EEPROM_update_2
  59  00E1  0080     E  	mov rb,a
  59  00E2  0F00     R  	mov a,high offset _EEPROM_update_2
  59  00E3  0080     E  	mov rc,a
  59  00E4  0700     E  	mov a,ra
  59  00E5  0300     E  	add a,rb
  59  00E6  0083        	mov mp,a
  59  00E7  1F05        	clr acc
  59  00E8  1300     E  	adc a,rc
  59  00E9  0081        	mov sbp,a
  59  00EA  2000     E  	call _Crom2Prom
  59  00EB  0080     E  	mov rb,a
  59  00EC  1080     E  	sz rb
  59  00ED  2800     R  	jmp _LI11
  59  00EE  2800     R  	jmp _L69
  59  00EF              _LI11:
  59  00EF              _L66:
  59  00EF  3855        	snz [85].0
  59  00F0  2800     R  	jmp _L66
  59  00F1  0700     E  	mov a,rb
  59  00F2  00D9        	mov [89],a
  59  00F3  1480     E  	inc ra
  59  00F4  2800     R  	jmp _L64
  59  00F5              _L69:
  59  00F5  3855        	snz [85].0
  59  00F6  2800     R  	jmp _L69
  59  00F7  1F59        	clr [89]
  59  00F8              #pragma debug scope 6 1
  59  00F8              #pragma debug scope 16 6
  59  00F8              ;begin block, line: 59.-1
  60  00F8              #line 60 "E:\1_TOSHIBA\Projects\voltage_stabilizer\PeakDetector_v0.3\eeprom.c"
  60  00F8  1F00     E  	clr ra
  60  00F9              _L70:
  60  00F9  0F00     R  	mov a,low offset _LC5
  60  00FA  0300     E  	add a,ra
  60  00FB  0083        	mov mp,a
  60  00FC  0F00     R  	mov a,high offset _LC5
  60  00FD  1F01        	clr sbp
  60  00FE  1381        	adcm a,sbp
  60  00FF  2000     E  	call _Crom2Prom
  60  0100  0080     E  	mov rb,a
  60  0101  1080     E  	sz rb
  60  0102  2800     R  	jmp _LI12
  60  0103  2800     R  	jmp _L75
  60  0104              _LI12:
  60  0104              _L72:
  60  0104  3855        	snz [85].0
  60  0105  2800     R  	jmp _L72
  60  0106  0700     E  	mov a,rb
  60  0107  00D9        	mov [89],a
  60  0108  1480     E  	inc ra
  60  0109  2800     R  	jmp _L70
  60  010A              _L75:
  60  010A  3855        	snz [85].0
  60  010B  2800     R  	jmp _L75
  60  010C  1F59        	clr [89]
  60  010D              #pragma debug scope 6 1
  61  010D              #line 61 "E:\1_TOSHIBA\Projects\voltage_stabilizer\PeakDetector_v0.3\eeprom.c"
  61  010D  0F79        	mov a,121
"File: eeprom.c      Assembler  Version HGASM0202      Page 10

  61  010E  0200     R  	sub a,_EEPROM_update_2[5]
  61  010F  3C0A        	sz c
  61  0110  2800     R  	jmp _L76
  61  0111  0700     R  	mov a,_EEPROM_update_2[5]
  61  0112  0A7E        	sub a,126
  61  0113  3D0A        	sz z
  61  0114  2800     R  	jmp _L76
  62  0115              #line 62 "E:\1_TOSHIBA\Projects\voltage_stabilizer\PeakDetector_v0.3\eeprom.c"
  62  0115  2000     R  	call _EEPROM_getData
  62  0116  0080     E  	mov ra,a
  62  0117  0F00     R  	mov a,low offset _EEPROM_update_2
  62  0118  0080     E  	mov _itoa_2[2],a
  62  0119  0F00     R  	mov a,high offset _EEPROM_update_2
  62  011A  0080     E  	mov _itoa_2[3],a
  62  011B  0700     E  	mov a,ra
  62  011C  0080     E  	mov _itoa_2[0],a
  62  011D  1F00     E  	clr _itoa_2[1]
  62  011E  2800     R  	jmp _L153
  62  011F              _L76:
  64  011F              #line 64 "E:\1_TOSHIBA\Projects\voltage_stabilizer\PeakDetector_v0.3\eeprom.c"
  64  011F  2000     R  	call _EEPROM_getData
  64  0120  0080     E  	mov rb,a
  64  0121  0F00     R  	mov a,low offset _EEPROM_update_2
  64  0122  0080     E  	mov _itoa_2[2],a
  64  0123  0F00     R  	mov a,high offset _EEPROM_update_2
  64  0124  0080     E  	mov _itoa_2[3],a
  64  0125  1F00     E  	clr rc
  64  0126  340A        	clr c
  64  0127  1A00     E  	rlca rb
  64  0128  0080     E  	mov _itoa_2[0],a
  64  0129  1A00     E  	rlca rc
  64  012A  0080     E  	mov _itoa_2[1],a
  64  012B              _L153:
  64  012B  2000     E  	call _itoa
  64  012C              #pragma debug scope 17 6
  64  012C              ;begin block, line: 64.-1
  60  012C              #line 60 "E:\1_TOSHIBA\Projects\voltage_stabilizer\PeakDetector_v0.3\eeprom.c"
  60  012C  1F00     E  	clr ra
  60  012D              _L78:
  60  012D              #pragma debug scope 6 1
  60  012D              #pragma debug scope 18 6
  60  012D              ;begin block, line: 60.-1
  66  012D              #line 66 "E:\1_TOSHIBA\Projects\voltage_stabilizer\PeakDetector_v0.3\eeprom.c"
  66  012D  0F00     R  	mov a,low offset _EEPROM_update_2
  66  012E  0080     E  	mov rb,a
  66  012F  0F00     R  	mov a,high offset _EEPROM_update_2
  66  0130  0080     E  	mov rc,a
  66  0131  0700     E  	mov a,ra
  66  0132  0300     E  	add a,rb
  66  0133  0083        	mov mp,a
  66  0134  1F05        	clr acc
  66  0135  1300     E  	adc a,rc
  66  0136  0081        	mov sbp,a
  66  0137  2000     E  	call _Crom2Prom
  66  0138  0080     E  	mov rb,a
  66  0139  1080     E  	sz rb
  66  013A  2800     R  	jmp _LI13
  66  013B  2800     R  	jmp _L83
  66  013C              _LI13:
  66  013C              _L80:
"File: eeprom.c      Assembler  Version HGASM0202      Page 11

  66  013C  3855        	snz [85].0
  66  013D  2800     R  	jmp _L80
  66  013E  0700     E  	mov a,rb
  66  013F  00D9        	mov [89],a
  66  0140  1480     E  	inc ra
  66  0141  2800     R  	jmp _L78
  66  0142              _L83:
  66  0142  3855        	snz [85].0
  66  0143  2800     R  	jmp _L83
  66  0144  1F59        	clr [89]
  66  0145              #pragma debug scope 6 1
  66  0145              #pragma debug scope 19 6
  66  0145              ;begin block, line: 66.-1
  67  0145              #line 67 "E:\1_TOSHIBA\Projects\voltage_stabilizer\PeakDetector_v0.3\eeprom.c"
  67  0145  1F00     E  	clr ra
  67  0146              _L84:
  67  0146  0F00     R  	mov a,low offset _LC1
  67  0147  0300     E  	add a,ra
  67  0148  0083        	mov mp,a
  67  0149  0F00     R  	mov a,high offset _LC1
  67  014A  1F01        	clr sbp
  67  014B  1381        	adcm a,sbp
  67  014C  2000     E  	call _Crom2Prom
  67  014D  0080     E  	mov rb,a
  67  014E  1080     E  	sz rb
  67  014F  2800     R  	jmp _LI14
  67  0150  2800     R  	jmp _L89
  67  0151              _LI14:
  67  0151              _L86:
  67  0151  3855        	snz [85].0
  67  0152  2800     R  	jmp _L86
  67  0153  0700     E  	mov a,rb
  67  0154  00D9        	mov [89],a
  67  0155  1480     E  	inc ra
  67  0156  2800     R  	jmp _L84
  67  0157              _L89:
  67  0157  3855        	snz [85].0
  67  0158  2800     R  	jmp _L89
  67  0159  1F59        	clr [89]
  67  015A              #pragma debug scope 6 1
  40  015A              #line 40 "E:\1_TOSHIBA\Projects\voltage_stabilizer\PeakDetector_v0.3\eeprom.c"
  40  015A  1480     R  	inc _EEPROM_update_2[5]
  40  015B  0700     R  	mov a,_EEPROM_update_2[8]
  40  015C  0080     R  	mov _EEPROM_update_2[6],a
  40  015D  0700     R  	mov a,_EEPROM_update_2[9]
  40  015E  0080     R  	mov _EEPROM_update_2[7],a
  40  015F  2800     R  	jmp _L24
  40  0160              _L154:
  40  0160  1F00     E  	clr ra
  40  0161              _L91:
  40  0161              #pragma debug scope 20 6
  40  0161              ;begin block, line: 40.-1
  69  0161              #line 69 "E:\1_TOSHIBA\Projects\voltage_stabilizer\PeakDetector_v0.3\eeprom.c"
  69  0161  0F00     R  	mov a,low offset _LC6
  69  0162  0300     E  	add a,ra
  69  0163  0083        	mov mp,a
  69  0164  0F00     R  	mov a,high offset _LC6
  69  0165  1F01        	clr sbp
  69  0166  1381        	adcm a,sbp
  69  0167  2000     E  	call _Crom2Prom
"File: eeprom.c      Assembler  Version HGASM0202      Page 12

  69  0168  0080     E  	mov rb,a
  69  0169  1080     E  	sz rb
  69  016A  2800     R  	jmp _LI15
  69  016B  2800     R  	jmp _L96
  69  016C              _LI15:
  69  016C              _L93:
  69  016C  3855        	snz [85].0
  69  016D  2800     R  	jmp _L93
  69  016E  0700     E  	mov a,rb
  69  016F  00D9        	mov [89],a
  69  0170  1480     E  	inc ra
  69  0171  2800     R  	jmp _L91
  69  0172              _L96:
  69  0172  3855        	snz [85].0
  69  0173  2800     R  	jmp _L96
  69  0174  1F59        	clr [89]
  69  0175              #pragma debug scope 6 1
  69  0175              #pragma debug scope 21 6
  69  0175              ;begin block, line: 69.-1
  70  0175              #line 70 "E:\1_TOSHIBA\Projects\voltage_stabilizer\PeakDetector_v0.3\eeprom.c"
  70  0175  1F00     E  	clr ra
  70  0176              _L97:
  70  0176  0F00     R  	mov a,low offset _LC1
  70  0177  0300     E  	add a,ra
  70  0178  0083        	mov mp,a
  70  0179  0F00     R  	mov a,high offset _LC1
  70  017A  1F01        	clr sbp
  70  017B  1381        	adcm a,sbp
  70  017C  2000     E  	call _Crom2Prom
  70  017D  0080     E  	mov rb,a
  70  017E  1080     E  	sz rb
  70  017F  2800     R  	jmp _LI16
  70  0180  2800     R  	jmp _L102
  70  0181              _LI16:
  70  0181              _L99:
  70  0181  3855        	snz [85].0
  70  0182  2800     R  	jmp _L99
  70  0183  0700     E  	mov a,rb
  70  0184  00D9        	mov [89],a
  70  0185  1480     E  	inc ra
  70  0186  2800     R  	jmp _L97
  70  0187              _L102:
  70  0187  3855        	snz [85].0
  70  0188  2800     R  	jmp _L102
  70  0189  1F59        	clr [89]
  70  018A              #pragma debug scope 6 1
  71  018A              #line 71 "E:\1_TOSHIBA\Projects\voltage_stabilizer\PeakDetector_v0.3\eeprom.c"
  71  018A  0F00        	mov a,0
  71  018B  2000     R  	call _EEPROM_setAddr
  73  018C              #line 73 "E:\1_TOSHIBA\Projects\voltage_stabilizer\PeakDetector_v0.3\eeprom.c"
  73  018C  0F00        	mov a,0
  73  018D  2000     E  	call _ADC_setSignal
  74  018E              #line 74 "E:\1_TOSHIBA\Projects\voltage_stabilizer\PeakDetector_v0.3\eeprom.c"
  74  018E  3541        	clr [65].2
  74  018F  2800     R  	jmp _L8
  74  0190              _L23:
  78  0190              #line 78 "E:\1_TOSHIBA\Projects\voltage_stabilizer\PeakDetector_v0.3\eeprom.c"
  78  0190  0F00        	mov a,0
  78  0191  2000     E  	call _ADC_getValue
  78  0192  340A        	clr c
"File: eeprom.c      Assembler  Version HGASM0202      Page 13

  78  0193  1B80     E  	rrc rb
  78  0194  1B80     E  	rrc ra
  78  0195  0700     E  	mov a,ra
  78  0196  0080     R  	mov _stSCTR_data[0],a
  79  0197              #line 79 "E:\1_TOSHIBA\Projects\voltage_stabilizer\PeakDetector_v0.3\eeprom.c"
  79  0197  0700     R  	mov a,_stSCTR_addr[0]
  79  0198  009E        	mov [30],a
  79  0199  0700     R  	mov a,_stSCTR_data[0]
  79  019A  009F        	mov [31],a
  79  019B  0F40        	mov a,64
  79  019C  0083        	mov [3],a
  79  019D  0F01        	mov a,1
  79  019E  0084        	mov [4],a
  79  019F  340E        	clr [14].0
  79  01A0  3182        	set [2].3
  79  01A1  3102        	set [2].2
  79  01A2  300E        	set [14].0
  79  01A3              _L105:
  79  01A3  3D02        	sz [2].2
  79  01A4  2800     R  	jmp _L105
  79  01A5  1F02        	clr [2]
  79  01A6  1F04        	clr [4]
  81  01A7              #line 81 "E:\1_TOSHIBA\Projects\voltage_stabilizer\PeakDetector_v0.3\eeprom.c"
  81  01A7  2000     R  	call _EEPROM_getAddr
  81  01A8  0080     E  	mov ra,a
  81  01A9  0F00     R  	mov a,low offset _EEPROM_update_2
  81  01AA  0080     E  	mov _itoa_2[2],a
  81  01AB  0F00     R  	mov a,high offset _EEPROM_update_2
  81  01AC  0080     E  	mov _itoa_2[3],a
  81  01AD  0700     E  	mov a,ra
  81  01AE  0080     E  	mov _itoa_2[0],a
  81  01AF  1F00     E  	clr _itoa_2[1]
  81  01B0  2000     E  	call _itoa
  81  01B1              #pragma debug scope 22 6
  81  01B1              ;begin block, line: 81.-1
  82  01B1              #line 82 "E:\1_TOSHIBA\Projects\voltage_stabilizer\PeakDetector_v0.3\eeprom.c"
  82  01B1  1F00     E  	clr ra
  82  01B2              _L106:
  82  01B2  0F00     R  	mov a,low offset _EEPROM_update_2
  82  01B3  0080     E  	mov rb,a
  82  01B4  0F00     R  	mov a,high offset _EEPROM_update_2
  82  01B5  0080     E  	mov rc,a
  82  01B6  0700     E  	mov a,ra
  82  01B7  0300     E  	add a,rb
  82  01B8  0083        	mov mp,a
  82  01B9  1F05        	clr acc
  82  01BA  1300     E  	adc a,rc
  82  01BB  0081        	mov sbp,a
  82  01BC  2000     E  	call _Crom2Prom
  82  01BD  0080     E  	mov rb,a
  82  01BE  1080     E  	sz rb
  82  01BF  2800     R  	jmp _LI17
  82  01C0  2800     R  	jmp _L111
  82  01C1              _LI17:
  82  01C1              _L108:
  82  01C1  3855        	snz [85].0
  82  01C2  2800     R  	jmp _L108
  82  01C3  0700     E  	mov a,rb
  82  01C4  00D9        	mov [89],a
  82  01C5  1480     E  	inc ra
"File: eeprom.c      Assembler  Version HGASM0202      Page 14

  82  01C6  2800     R  	jmp _L106
  82  01C7              _L111:
  82  01C7  3855        	snz [85].0
  82  01C8  2800     R  	jmp _L111
  82  01C9  1F59        	clr [89]
  82  01CA              #pragma debug scope 6 1
  82  01CA              #pragma debug scope 23 6
  82  01CA              ;begin block, line: 82.-1
  83  01CA              #line 83 "E:\1_TOSHIBA\Projects\voltage_stabilizer\PeakDetector_v0.3\eeprom.c"
  83  01CA  1F00     E  	clr ra
  83  01CB              _L112:
  83  01CB  0F00     R  	mov a,low offset _LC5
  83  01CC  0300     E  	add a,ra
  83  01CD  0083        	mov mp,a
  83  01CE  0F00     R  	mov a,high offset _LC5
  83  01CF  1F01        	clr sbp
  83  01D0  1381        	adcm a,sbp
  83  01D1  2000     E  	call _Crom2Prom
  83  01D2  0080     E  	mov rb,a
  83  01D3  1080     E  	sz rb
  83  01D4  2800     R  	jmp _LI18
  83  01D5  2800     R  	jmp _L117
  83  01D6              _LI18:
  83  01D6              _L114:
  83  01D6  3855        	snz [85].0
  83  01D7  2800     R  	jmp _L114
  83  01D8  0700     E  	mov a,rb
  83  01D9  00D9        	mov [89],a
  83  01DA  1480     E  	inc ra
  83  01DB  2800     R  	jmp _L112
  83  01DC              _L117:
  83  01DC  3855        	snz [85].0
  83  01DD  2800     R  	jmp _L117
  83  01DE  1F59        	clr [89]
  83  01DF              #pragma debug scope 6 1
  84  01DF              #line 84 "E:\1_TOSHIBA\Projects\voltage_stabilizer\PeakDetector_v0.3\eeprom.c"
  84  01DF  2000     R  	call _EEPROM_getData
  84  01E0  0080     E  	mov rb,a
  84  01E1  0F00     R  	mov a,low offset _EEPROM_update_2
  84  01E2  0080     E  	mov _itoa_2[2],a
  84  01E3  0F00     R  	mov a,high offset _EEPROM_update_2
  84  01E4  0080     E  	mov _itoa_2[3],a
  84  01E5  1F00     E  	clr rc
  84  01E6  340A        	clr c
  84  01E7  1A00     E  	rlca rb
  84  01E8  0080     E  	mov _itoa_2[0],a
  84  01E9  1A00     E  	rlca rc
  84  01EA  0080     E  	mov _itoa_2[1],a
  84  01EB  2000     E  	call _itoa
  84  01EC              #pragma debug scope 24 6
  84  01EC              ;begin block, line: 84.-1
  85  01EC              #line 85 "E:\1_TOSHIBA\Projects\voltage_stabilizer\PeakDetector_v0.3\eeprom.c"
  85  01EC  1F00     E  	clr ra
  85  01ED              _L118:
  85  01ED  0F00     R  	mov a,low offset _EEPROM_update_2
  85  01EE  0080     E  	mov rb,a
  85  01EF  0F00     R  	mov a,high offset _EEPROM_update_2
  85  01F0  0080     E  	mov rc,a
  85  01F1  0700     E  	mov a,ra
  85  01F2  0300     E  	add a,rb
"File: eeprom.c      Assembler  Version HGASM0202      Page 15

  85  01F3  0083        	mov mp,a
  85  01F4  1F05        	clr acc
  85  01F5  1300     E  	adc a,rc
  85  01F6  0081        	mov sbp,a
  85  01F7  2000     E  	call _Crom2Prom
  85  01F8  0080     E  	mov rb,a
  85  01F9  1080     E  	sz rb
  85  01FA  2800     R  	jmp _LI19
  85  01FB  2800     R  	jmp _L123
  85  01FC              _LI19:
  85  01FC              _L120:
  85  01FC  3855        	snz [85].0
  85  01FD  2800     R  	jmp _L120
  85  01FE  0700     E  	mov a,rb
  85  01FF  00D9        	mov [89],a
  85  0200  1480     E  	inc ra
  85  0201  2800     R  	jmp _L118
  85  0202              _L123:
  85  0202  3855        	snz [85].0
  85  0203  2800     R  	jmp _L123
  85  0204  1F59        	clr [89]
  85  0205              #pragma debug scope 6 1
  85  0205              #pragma debug scope 25 6
  85  0205              ;begin block, line: 85.-1
  86  0205              #line 86 "E:\1_TOSHIBA\Projects\voltage_stabilizer\PeakDetector_v0.3\eeprom.c"
  86  0205  1F00     E  	clr ra
  86  0206              _L124:
  86  0206  0F00     R  	mov a,low offset _LC1
  86  0207  0300     E  	add a,ra
  86  0208  0083        	mov mp,a
  86  0209  0F00     R  	mov a,high offset _LC1
  86  020A  1F01        	clr sbp
  86  020B  1381        	adcm a,sbp
  86  020C  2000     E  	call _Crom2Prom
  86  020D  0080     E  	mov rb,a
  86  020E  1080     E  	sz rb
  86  020F  2800     R  	jmp _LI20
  86  0210  2800     R  	jmp _L129
  86  0211              _LI20:
  86  0211              _L126:
  86  0211  3855        	snz [85].0
  86  0212  2800     R  	jmp _L126
  86  0213  0700     E  	mov a,rb
  86  0214  00D9        	mov [89],a
  86  0215  1480     E  	inc ra
  86  0216  2800     R  	jmp _L124
  86  0217              _L129:
  86  0217  3855        	snz [85].0
  86  0218  2800     R  	jmp _L129
  86  0219  1F59        	clr [89]
  86  021A              #pragma debug scope 6 1
  89  021A              #line 89 "E:\1_TOSHIBA\Projects\voltage_stabilizer\PeakDetector_v0.3\eeprom.c"
  89  021A  0F7F        	mov a,127
  89  021B  009E        	mov [30],a
  89  021C  0700     R  	mov a,_stSCTR_addr[0]
  89  021D  009F        	mov [31],a
  89  021E  0F40        	mov a,64
  89  021F  0083        	mov [3],a
  89  0220  0F01        	mov a,1
  89  0221  0084        	mov [4],a
"File: eeprom.c      Assembler  Version HGASM0202      Page 16

  89  0222  340E        	clr [14].0
  89  0223  3182        	set [2].3
  89  0224  3102        	set [2].2
  89  0225  300E        	set [14].0
  89  0226              _L131:
  89  0226  3D02        	sz [2].2
  89  0227  2800     R  	jmp _L131
  89  0228  1F02        	clr [2]
  89  0229  1F04        	clr [4]
  92  022A              #line 92 "E:\1_TOSHIBA\Projects\voltage_stabilizer\PeakDetector_v0.3\eeprom.c"
  92  022A  2000     E  	call _ADC_getMax
  92  022B  340A        	clr c
  92  022C  1B80     E  	rrc rb
  92  022D  1B80     E  	rrc ra
  92  022E  0700     E  	mov a,ra
  92  022F  0080     R  	mov _ndSCTR_data[0],a
  93  0230              #line 93 "E:\1_TOSHIBA\Projects\voltage_stabilizer\PeakDetector_v0.3\eeprom.c"
  93  0230  0700     R  	mov a,_ndSCTR_addr[0]
  93  0231  009E        	mov [30],a
  93  0232  0700     R  	mov a,_ndSCTR_data[0]
  93  0233  009F        	mov [31],a
  93  0234  0F40        	mov a,64
  93  0235  0083        	mov [3],a
  93  0236  0F01        	mov a,1
  93  0237  0084        	mov [4],a
  93  0238  340E        	clr [14].0
  93  0239  3182        	set [2].3
  93  023A  3102        	set [2].2
  93  023B  300E        	set [14].0
  93  023C              _L133:
  93  023C  3D02        	sz [2].2
  93  023D  2800     R  	jmp _L133
  93  023E  1F02        	clr [2]
  93  023F  1F04        	clr [4]
  94  0240              #line 94 "E:\1_TOSHIBA\Projects\voltage_stabilizer\PeakDetector_v0.3\eeprom.c"
  94  0240  1480     R  	inc _ndSCTR_addr[0]
  96  0241              #line 96 "E:\1_TOSHIBA\Projects\voltage_stabilizer\PeakDetector_v0.3\eeprom.c"
  96  0241  2000     E  	call _ADC_getMin
  96  0242  340A        	clr c
  96  0243  1B80     E  	rrc rb
  96  0244  1B80     E  	rrc ra
  96  0245  0700     E  	mov a,ra
  96  0246  0080     R  	mov _ndSCTR_data[0],a
  97  0247              #line 97 "E:\1_TOSHIBA\Projects\voltage_stabilizer\PeakDetector_v0.3\eeprom.c"
  97  0247  0700     R  	mov a,_ndSCTR_addr[0]
  97  0248  009E        	mov [30],a
  97  0249  0700     R  	mov a,_ndSCTR_data[0]
  97  024A  009F        	mov [31],a
  97  024B  0F40        	mov a,64
  97  024C  0083        	mov [3],a
  97  024D  0F01        	mov a,1
  97  024E  0084        	mov [4],a
  97  024F  340E        	clr [14].0
  97  0250  3182        	set [2].3
  97  0251  3102        	set [2].2
  97  0252  300E        	set [14].0
  97  0253              _L135:
  97  0253  3D02        	sz [2].2
  97  0254  2800     R  	jmp _L135
  97  0255  1F02        	clr [2]
"File: eeprom.c      Assembler  Version HGASM0202      Page 17

  97  0256  1F04        	clr [4]
  98  0257              #line 98 "E:\1_TOSHIBA\Projects\voltage_stabilizer\PeakDetector_v0.3\eeprom.c"
  98  0257  1480     R  	inc _ndSCTR_addr[0]
 100  0258              #line 100 "E:\1_TOSHIBA\Projects\voltage_stabilizer\PeakDetector_v0.3\eeprom.c"
 100  0258  2000     E  	call _ADC_getMaxTime
 100  0259  0700     E  	mov a,ra
 100  025A  0080     R  	mov _ndSCTR_data[0],a
 101  025B              #line 101 "E:\1_TOSHIBA\Projects\voltage_stabilizer\PeakDetector_v0.3\eeprom.c"
 101  025B  0700     R  	mov a,_ndSCTR_addr[0]
 101  025C  009E        	mov [30],a
 101  025D  0700     R  	mov a,_ndSCTR_data[0]
 101  025E  009F        	mov [31],a
 101  025F  0F40        	mov a,64
 101  0260  0083        	mov [3],a
 101  0261  0F01        	mov a,1
 101  0262  0084        	mov [4],a
 101  0263  340E        	clr [14].0
 101  0264  3182        	set [2].3
 101  0265  3102        	set [2].2
 101  0266  300E        	set [14].0
 101  0267              _L137:
 101  0267  3D02        	sz [2].2
 101  0268  2800     R  	jmp _L137
 101  0269  1F02        	clr [2]
 101  026A  1F04        	clr [4]
 102  026B              #line 102 "E:\1_TOSHIBA\Projects\voltage_stabilizer\PeakDetector_v0.3\eeprom.c"
 102  026B  1480     R  	inc _ndSCTR_addr[0]
 103  026C              #line 103 "E:\1_TOSHIBA\Projects\voltage_stabilizer\PeakDetector_v0.3\eeprom.c"
 103  026C  2000     E  	call _ADC_getMaxTime
 103  026D  0700     E  	mov a,rb
 103  026E  0080     R  	mov _ndSCTR_data[0],a
 104  026F              #line 104 "E:\1_TOSHIBA\Projects\voltage_stabilizer\PeakDetector_v0.3\eeprom.c"
 104  026F  0700     R  	mov a,_ndSCTR_addr[0]
 104  0270  009E        	mov [30],a
 104  0271  0700     R  	mov a,_ndSCTR_data[0]
 104  0272  009F        	mov [31],a
 104  0273  0F40        	mov a,64
 104  0274  0083        	mov [3],a
 104  0275  0F01        	mov a,1
 104  0276  0084        	mov [4],a
 104  0277  340E        	clr [14].0
 104  0278  3182        	set [2].3
 104  0279  3102        	set [2].2
 104  027A  300E        	set [14].0
 104  027B              _L139:
 104  027B  3D02        	sz [2].2
 104  027C  2800     R  	jmp _L139
 104  027D  1F02        	clr [2]
 104  027E  1F04        	clr [4]
 105  027F              #line 105 "E:\1_TOSHIBA\Projects\voltage_stabilizer\PeakDetector_v0.3\eeprom.c"
 105  027F  1480     R  	inc _ndSCTR_addr[0]
 107  0280              #line 107 "E:\1_TOSHIBA\Projects\voltage_stabilizer\PeakDetector_v0.3\eeprom.c"
 107  0280  2000     E  	call _ADC_getMinTime
 107  0281  0700     E  	mov a,ra
 107  0282  0080     R  	mov _ndSCTR_data[0],a
 108  0283              #line 108 "E:\1_TOSHIBA\Projects\voltage_stabilizer\PeakDetector_v0.3\eeprom.c"
 108  0283  0700     R  	mov a,_ndSCTR_addr[0]
 108  0284  009E        	mov [30],a
 108  0285  0700     R  	mov a,_ndSCTR_data[0]
 108  0286  009F        	mov [31],a
"File: eeprom.c      Assembler  Version HGASM0202      Page 18

 108  0287  0F40        	mov a,64
 108  0288  0083        	mov [3],a
 108  0289  0F01        	mov a,1
 108  028A  0084        	mov [4],a
 108  028B  340E        	clr [14].0
 108  028C  3182        	set [2].3
 108  028D  3102        	set [2].2
 108  028E  300E        	set [14].0
 108  028F              _L141:
 108  028F  3D02        	sz [2].2
 108  0290  2800     R  	jmp _L141
 108  0291  1F02        	clr [2]
 108  0292  1F04        	clr [4]
 109  0293              #line 109 "E:\1_TOSHIBA\Projects\voltage_stabilizer\PeakDetector_v0.3\eeprom.c"
 109  0293  1480     R  	inc _ndSCTR_addr[0]
 110  0294              #line 110 "E:\1_TOSHIBA\Projects\voltage_stabilizer\PeakDetector_v0.3\eeprom.c"
 110  0294  2000     E  	call _ADC_getMinTime
 110  0295  0700     E  	mov a,rb
 110  0296  0080     R  	mov _ndSCTR_data[0],a
 111  0297              #line 111 "E:\1_TOSHIBA\Projects\voltage_stabilizer\PeakDetector_v0.3\eeprom.c"
 111  0297  0700     R  	mov a,_ndSCTR_addr[0]
 111  0298  009E        	mov [30],a
 111  0299  0700     R  	mov a,_ndSCTR_data[0]
 111  029A  009F        	mov [31],a
 111  029B  0F40        	mov a,64
 111  029C  0083        	mov [3],a
 111  029D  0F01        	mov a,1
 111  029E  0084        	mov [4],a
 111  029F  340E        	clr [14].0
 111  02A0  3182        	set [2].3
 111  02A1  3102        	set [2].2
 111  02A2  300E        	set [14].0
 111  02A3              _L143:
 111  02A3  3D02        	sz [2].2
 111  02A4  2800     R  	jmp _L143
 111  02A5  1F02        	clr [2]
 111  02A6  1F04        	clr [4]
 112  02A7              #line 112 "E:\1_TOSHIBA\Projects\voltage_stabilizer\PeakDetector_v0.3\eeprom.c"
 112  02A7  0F78        	mov a,120
 112  02A8  0080     R  	mov _ndSCTR_addr[0],a
 115  02A9              #line 115 "E:\1_TOSHIBA\Projects\voltage_stabilizer\PeakDetector_v0.3\eeprom.c"
 115  02A9  0F77        	mov a,119
 115  02AA  0200     R  	sub a,_stSCTR_addr[0]
 115  02AB  380A        	snz c
 115  02AC  2800     R  	jmp _L144
 115  02AD  1480     R  	inc _stSCTR_addr[0]
 115  02AE  2800     R  	jmp _L8
 115  02AF              _L144:
 116  02AF              #line 116 "E:\1_TOSHIBA\Projects\voltage_stabilizer\PeakDetector_v0.3\eeprom.c"
 116  02AF  1F00     R  	clr _stSCTR_addr[0]
 116  02B0              _L8:
 116  02B0  0003        	ret
 116  02B1              _EEPROM_update endp
 116  02B1              #line 116 "E:\1_TOSHIBA\Projects\voltage_stabilizer\PeakDetector_v0.3\eeprom.c"
 116  02B1              #pragma debug scope 1 1
 116  02B1              public _EEPROM_disable
 116  02B1              #pragma debug scope 26 1
 138  02B1              #line 138 "E:\1_TOSHIBA\Projects\voltage_stabilizer\PeakDetector_v0.3\eeprom.c"
 138  0000              _EEPROM_disable .section 'code'
 138  0000              _EEPROM_disable proc
"File: eeprom.c      Assembler  Version HGASM0202      Page 19

 139  0000              #line 139 "E:\1_TOSHIBA\Projects\voltage_stabilizer\PeakDetector_v0.3\eeprom.c"
 139  0000  1F02        	clr [2]
 139  0001  1F04        	clr [4]
 139  0002  0003        	ret
 139  0003              _EEPROM_disable endp
 139  0003              #line 139 "E:\1_TOSHIBA\Projects\voltage_stabilizer\PeakDetector_v0.3\eeprom.c"
 139  0003              #pragma debug scope 1 1
 139  0000              @HCCINIT0	.section	'data'
 139  0000              _flag	db 0
 139  0001              #pragma debug variable 8 1 _flag "flag"
 139  0001              
 139  0000              @HCCINIT .section 'data'
 139  0001              @HCCINIT0	.section	'data'
 139  0001              _ndSCTR_data	db 0
 139  0002              #pragma debug variable 8 1 _ndSCTR_data "ndSCTR_data"
 139  0002              
 139  0000              @HCCINIT .section 'data'
 139  0002              @HCCINIT0	.section	'data'
 139  0002              _stSCTR_data	db 0
 139  0003              #pragma debug variable 8 1 _stSCTR_data "stSCTR_data"
 139  0003              
 139  0000              @HCCINIT .section 'data'
 139  0003              @HCCINIT0	.section	'data'
 139  0003              _ndSCTR_addr	db 0
 139  0004              #pragma debug variable 8 1 _ndSCTR_addr "ndSCTR_addr"
 139  0004              
 139  0000              @HCCINIT .section 'data'
 139  0004              @HCCINIT0	.section	'data'
 139  0004              _stSCTR_addr	db 0
 139  0005              #pragma debug variable 8 1 _stSCTR_addr "stSCTR_addr"
 139  0005              
 139  0000              @HCCINIT .section 'data'
 139  0000              #pragma debug variable 8 1 ___mp1 "__mp1" 1
 139  0000              #pragma debug struct_end
 139  0000              #pragma debug struct_end
 139  0000              #pragma debug union_end
 139  0000              #pragma debug union_end
 139  0000              #pragma debug variable 44 1 ___bp "__bp" 1
 139  0000              #pragma debug struct_end
 139  0000              #pragma debug struct_end
 139  0000              #pragma debug union_end
 139  0000              #pragma debug union_end
 139  0000              #pragma debug variable 46 1 ___intc0 "__intc0" 1
 139  0000              #pragma debug variable 8 1 ___eea "__eea" 1
 139  0000              #pragma debug variable 8 1 ___eed "__eed" 1
 139  0000              #pragma debug struct_end
 139  0000              #pragma debug struct_end
 139  0000              #pragma debug union_end
 139  0000              #pragma debug union_end
 139  0000              #pragma debug variable 48 1 ___pc "__pc" 1
 139  0000              #pragma debug variable 8 1 ___iar1 "__iar1" 1
 139  0000              extern _ADC_getSignal:near
 139  0000              extern _UART_getSignal:near
 139  0000              extern _itoa_2:byte
 139  0000              extern _itoa:near
 139  0000              extern _ADC_setSignal:near
 139  0000              extern _ADC_getValue:near
 139  0000              extern _ADC_getMax:near
 139  0000              extern _ADC_getMin:near
 139  0000              extern _ADC_getMaxTime:near
"File: eeprom.c      Assembler  Version HGASM0202      Page 20

 139  0000              extern _ADC_getMinTime:near
 139  0000              
 139  0000              ; 
 139  0000              ; Generated by holtek-gcc v3.14, Sun May 06 10:06:57 2018
 139  0000              ; Rebuild 10
 139  0000              ; end of file


        0 Errors, 0