"File: PeakDetector_v0.2.c  Assembler  Version HGASM0202      Page 1


   1  0000              ; Generated by holtek-gcc v3.14, Sun May 06 10:06:53 2018
   2  0000              ; 
   3  0000              ; Configuration:
   4  0000              ;       without long instruction
   5  0000              ;       Single ROM, Multi-RAM
   6  0000              ;       bits_per_rom_unit:16
   7  0000              ;       with mp1
   8  0000              ;       with tbhp, address(0x9)
   9  0000              ;          Use tabrd-const
  10  0000              ;       
  11  0000              ;       
  12  0000              ;       
  13  0000              ; use 'tabrdc' instead of 'tabrd'
  14  0000              ;       
  15  0000              
  16  0000              #pragma translator "holtek-gcc 4.6.4" "3.14" "build 20130711"
  17  0000              ; Rebuild 10
  18  0000              
  19  0000              ir equ [2]
  20  0000              mp equ [3]
  21  0000              sbp equ [1]
  22  0000              acc equ [5]
  23  0000              bp equ [4]
  24  0000              tblp equ [7]
  25  0000              tbhp equ [9]
  26  0000              status equ [10]
  27  0000              c equ [10].0
  28  0000              ac equ [10].1
  29  0000              z equ [10].2
  30  0000              ov equ [10].3
  31  0000              intc equ [11]
  32  0000              
  33  0000              extern ra:byte
  34  0000              extern rb:byte
  35  0000              extern rc:byte
  36  0000              extern rd:byte
  37  0000              extern re:byte
  38  0000              extern rf:byte
  39  0000              extern rg:byte
  40  0000              extern rh:byte
  41  0000              extern _Crom2Prom:near
  42  0000              extern _Crom2PromNext:near
  43  0000              
  44  0000              RAMBANK 0 @HCCINIT, @HCCINIT0
  45  0000              
  46  0000              RAMBANK 0 @BITDATASEC, @BITDATASEC1
  47  0000              @HCCINIT	.section 'data'
  48  0000              @HCCINIT0	.section 'data'
  49  0000              @BITDATASEC	 .section 'data'
  50  0000              @BITDATASEC1	 .section 'data'
  51  0000              
  52  0000              #pragma debug scope 1 1
  53  0000              	extern __DELAY3:near
  54  0000              	extern __DELAYX3:near
  55  0000              	extern __DELAYX6:near
  56  0000              	extern __DELAYY5:near
  57  0000              	extern __DELAYY3:near
  58  0000              	extern _builtin_holtek_delay_2:byte
  59  0000              ___wdtc equ [26]
"File: PeakDetector_v0.2.ASM  Assembler  Version HGASM0202      Page 2

  60  0000              ___cpc equ [63]
  61  0000              ___pa equ [20]
  62  0000              ___pb equ [37]
  63  0000              ___pc equ [65]
  64  0000              ___pd equ [82]
  65  0000              ___pac equ [21]
  66  0000              ___pbc equ [38]
  67  0000              ___pcc equ [66]
  68  0000              ___pdc equ [83]
  69  0000              ___pawu equ [23]
  70  0000              ___papu equ [22]
  71  0000              ___pbpu equ [39]
  72  0000              ___pcpu equ [67]
  73  0000              ___pdpu equ [84]
  74  0000              public _main
  75  0000              #pragma debug scope 2 1

  14  0000              #line 14 "E:\1_TOSHIBA\Projects\voltage_stabilizer\PeakDetector_v0.3\PeakDetector_v0.2.c"
  14  0000              IFDEF WITH_DEFAULT_STARTUP
  14  0000              extern _main_initial0:near
  14  0000              extern _main_startup:near
  14  0000              ENDIF
  14  0000              
  14  0000              ROMBANK 0 @start
  14  0000              @start .section com_l 'code'
  14  0000              _main_startup1:
  14  0000              @start .section com_e 'code'
  14  0000  2800     R  	jmp _main
  14  0001              
  14  0000              _main .section 'code'
  14  0000              _main proc
  15  0000              #line 15 "E:\1_TOSHIBA\Projects\voltage_stabilizer\PeakDetector_v0.3\PeakDetector_v0.2.c"
  15  0000  0FA8        	mov a,168
  15  0001  009A        	mov [26],a
  15  0002  0F08        	mov a,8
  15  0003  00BF        	mov [63],a
  15  0004  1F14        	clr [20]
  15  0005  1F25        	clr [37]
  15  0006  1F41        	clr [65]
  15  0007  1F52        	clr [82]
  15  0008  1F95        	set [21]
  15  0009  1FA6        	set [38]
  15  000A  1FC2        	set [66]
  15  000B  1FD3        	set [83]
  15  000C  1F17        	clr [23]
  15  000D  1F16        	clr [22]
  15  000E  1F27        	clr [39]
  15  000F  1F43        	clr [67]
  15  0010  1F54        	clr [84]
  16  0011              #line 16 "E:\1_TOSHIBA\Projects\voltage_stabilizer\PeakDetector_v0.3\PeakDetector_v0.2.c"
  16  0011  308B        	set [11].1
  16  0012  339C        	set [28].7
  17  0013              #line 17 "E:\1_TOSHIBA\Projects\voltage_stabilizer\PeakDetector_v0.3\PeakDetector_v0.2.c"
  17  0013  2000     E  	call _UART_init
  18  0014              #line 18 "E:\1_TOSHIBA\Projects\voltage_stabilizer\PeakDetector_v0.3\PeakDetector_v0.2.c"
  18  0014  2000     E  	call _ADC_init
  19  0015              #line 19 "E:\1_TOSHIBA\Projects\voltage_stabilizer\PeakDetector_v0.3\PeakDetector_v0.2.c"
  19  0015  2000     E  	call _EEPROM_init
  21  0016              #line 21 "E:\1_TOSHIBA\Projects\voltage_stabilizer\PeakDetector_v0.3\PeakDetector_v0.2.c"
  21  0016  3542        	clr [66].2
"File: PeakDetector_v0.2.c  Assembler  Version HGASM0202      Page 3

  22  0017              #line 22 "E:\1_TOSHIBA\Projects\voltage_stabilizer\PeakDetector_v0.3\PeakDetector_v0.2.c"
  22  0017  3141        	set [65].2
  24  0018              #line 24 "E:\1_TOSHIBA\Projects\voltage_stabilizer\PeakDetector_v0.3\PeakDetector_v0.2.c"
  24  0018  2000     E  	call _SEOS_init
  24  0019              _L2:
  27  0019              #line 27 "E:\1_TOSHIBA\Projects\voltage_stabilizer\PeakDetector_v0.3\PeakDetector_v0.2.c"
  27  0019  2000     E  	call _SEOS_sleep
  27  001A  2800     R  	jmp _L2
  27  001B  2800     R  	jmp $
  27  001C              _main endp
  27  001C              
  27  001C              @dummy endp
  27  001C              
  27  001C              #line 27 "E:\1_TOSHIBA\Projects\voltage_stabilizer\PeakDetector_v0.3\PeakDetector_v0.2.c"
  27  001C              #pragma debug scope 1 1
  27  001C              #pragma debug struct_end
  27  001C              #pragma debug struct_end
  27  001C              #pragma debug union_end
  27  001C              #pragma debug union_end
  27  001C              #pragma debug variable 43 1 ___pa "__pa" 1
  27  001C              #pragma debug struct_end
  27  001C              #pragma debug struct_end
  27  001C              #pragma debug union_end
  27  001C              #pragma debug union_end
  27  001C              #pragma debug variable 45 1 ___pac "__pac" 1
  27  001C              #pragma debug struct_end
  27  001C              #pragma debug struct_end
  27  001C              #pragma debug union_end
  27  001C              #pragma debug union_end
  27  001C              #pragma debug variable 47 1 ___papu "__papu" 1
  27  001C              #pragma debug struct_end
  27  001C              #pragma debug struct_end
  27  001C              #pragma debug union_end
  27  001C              #pragma debug union_end
  27  001C              #pragma debug variable 49 1 ___pawu "__pawu" 1
  27  001C              #pragma debug struct_end
  27  001C              #pragma debug struct_end
  27  001C              #pragma debug union_end
  27  001C              #pragma debug union_end
  27  001C              #pragma debug variable 51 1 ___wdtc "__wdtc" 1
  27  001C              #pragma debug struct_end
  27  001C              #pragma debug struct_end
  27  001C              #pragma debug union_end
  27  001C              #pragma debug union_end
  27  001C              #pragma debug variable 53 1 ___pb "__pb" 1
  27  001C              #pragma debug struct_end
  27  001C              #pragma debug struct_end
  27  001C              #pragma debug union_end
  27  001C              #pragma debug union_end
  27  001C              #pragma debug variable 55 1 ___pbc "__pbc" 1
  27  001C              #pragma debug struct_end
  27  001C              #pragma debug struct_end
  27  001C              #pragma debug union_end
  27  001C              #pragma debug union_end
  27  001C              #pragma debug variable 57 1 ___pbpu "__pbpu" 1
  27  001C              #pragma debug struct_end
  27  001C              #pragma debug struct_end
  27  001C              #pragma debug union_end
  27  001C              #pragma debug union_end
  27  001C              #pragma debug variable 59 1 ___cpc "__cpc" 1
"File: PeakDetector_v0.2.c  Assembler  Version HGASM0202      Page 4

  27  001C              #pragma debug struct_end
  27  001C              #pragma debug struct_end
  27  001C              #pragma debug union_end
  27  001C              #pragma debug union_end
  27  001C              #pragma debug variable 61 1 ___pc "__pc" 1
  27  001C              #pragma debug struct_end
  27  001C              #pragma debug struct_end
  27  001C              #pragma debug union_end
  27  001C              #pragma debug union_end
  27  001C              #pragma debug variable 63 1 ___pcc "__pcc" 1
  27  001C              #pragma debug struct_end
  27  001C              #pragma debug struct_end
  27  001C              #pragma debug union_end
  27  001C              #pragma debug union_end
  27  001C              #pragma debug variable 65 1 ___pcpu "__pcpu" 1
  27  001C              #pragma debug struct_end
  27  001C              #pragma debug struct_end
  27  001C              #pragma debug union_end
  27  001C              #pragma debug union_end
  27  001C              #pragma debug variable 67 1 ___pd "__pd" 1
  27  001C              #pragma debug struct_end
  27  001C              #pragma debug struct_end
  27  001C              #pragma debug union_end
  27  001C              #pragma debug union_end
  27  001C              #pragma debug variable 69 1 ___pdc "__pdc" 1
  27  001C              #pragma debug struct_end
  27  001C              #pragma debug struct_end
  27  001C              #pragma debug union_end
  27  001C              #pragma debug union_end
  27  001C              #pragma debug variable 71 1 ___pdpu "__pdpu" 1
  14  001C              #line 14 "E:\1_TOSHIBA\Projects\voltage_stabilizer\PeakDetector_v0.3\PeakDetector_v0.2.c"
  14  0000              @code .section at 0 'code'
  14  0000  2800     R  	jmp _main_startup1
  14  0001              
  14  0001              extern _UART_init:near
  14  0001              extern _ADC_init:near
  14  0001              extern _EEPROM_init:near
  14  0001              extern _SEOS_init:near
  14  0001              extern _SEOS_sleep:near
  14  0001              
  14  0001              ; 
  14  0001              ; Generated by holtek-gcc v3.14, Sun May 06 10:06:54 2018
  14  0001              ; Rebuild 10
  14  0001              ; end of file


        0 Errors, 0