"File: seos.c        Assembler  Version HGASM0202      Page 1


   1  0000              ; Generated by holtek-gcc v3.14, Sun May 06 10:06:58 2018
   2  0000              ; 
   3  0000              ; Configuration:
   4  0000              ;       without long instruction
   5  0000              ;       Single ROM, Multi-RAM
   6  0000              ;       bits_per_rom_unit:16
   7  0000              ;       with mp1
   8  0000              ;       with tbhp, address(0x9)
   9  0000              ;          Use tabrd-const
  10  0000              ;       
  11  0000              ;       
  12  0000              ;       
  13  0000              ; use 'tabrdc' instead of 'tabrd'
  14  0000              ;       
  15  0000              
  16  0000              #pragma translator "holtek-gcc 4.6.4" "3.14" "build 20130711"
  17  0000              ; Rebuild 10
  18  0000              
  19  0000              ir equ [2]
  20  0000              mp equ [3]
  21  0000              sbp equ [1]
  22  0000              acc equ [5]
  23  0000              bp equ [4]
  24  0000              tblp equ [7]
  25  0000              tbhp equ [9]
  26  0000              status equ [10]
  27  0000              c equ [10].0
  28  0000              ac equ [10].1
  29  0000              z equ [10].2
  30  0000              ov equ [10].3
  31  0000              intc equ [11]
  32  0000              
  33  0000              extern ra:byte
  34  0000              extern rb:byte
  35  0000              extern rc:byte
  36  0000              extern rd:byte
  37  0000              extern re:byte
  38  0000              extern rf:byte
  39  0000              extern rg:byte
  40  0000              extern rh:byte
  41  0000              extern _Crom2Prom:near
  42  0000              extern _Crom2PromNext:near
  43  0000              
  44  0000              RAMBANK 0 @HCCINIT, @HCCINIT0
  45  0000              
  46  0000              RAMBANK 0 @BITDATASEC, @BITDATASEC1
  47  0000              @HCCINIT	.section 'data'
  48  0000              @HCCINIT0	.section 'data'
  49  0000              @BITDATASEC	 .section 'data'
  50  0000              @BITDATASEC1	 .section 'data'
  51  0000              
  52  0000              #pragma debug scope 1 1
  53  0000              	extern __DELAY3:near
  54  0000              	extern __DELAYX3:near
  55  0000              	extern __DELAYX6:near
  56  0000              	extern __DELAYY5:near
  57  0000              	extern __DELAYY3:near
  58  0000              	extern _builtin_holtek_delay_2:byte
  59  0000              ___tm2c0 equ [40]
"File: seos.ASM      Assembler  Version HGASM0202      Page 2

  60  0000              ___tm2c1 equ [41]
  61  0000              ___tm2al equ [44]
  62  0000              ___tm2ah equ [45]
  63  0000              ___mfi1 equ [18]
  64  0000              ___intc1 equ [15]
  65  0000              ___intc0 equ [14]
  66  0000              public _SEOS_init
  67  0000              #pragma debug scope 2 1

   9  0000              #line 9 "E:\1_TOSHIBA\Projects\voltage_stabilizer\PeakDetector_v0.3\seos.c"
   9  0000              _SEOS_init .section 'code'
   9  0000              _SEOS_init proc
  10  0000              #line 10 "E:\1_TOSHIBA\Projects\voltage_stabilizer\PeakDetector_v0.3\seos.c"
  10  0000  0F30        	mov a,48
  10  0001  00A8        	mov [40],a
  10  0002  0F01        	mov a,1
  10  0003  00A9        	mov [41],a
  10  0004  1F2C        	clr [44]
  10  0005  1F2D        	clr [45]
  10  0006  0F6A        	mov a,106
  10  0007  00AC        	mov [44],a
  10  0008  0F18        	mov a,24
  10  0009  00AD        	mov [45],a
  10  000A  3792        	clr [18].7
  10  000B  360F        	clr [15].4
  10  000C  31A8        	set [40].3
  10  000D  3192        	set [18].3
  10  000E  300F        	set [15].0
  10  000F  300E        	set [14].0
  10  0010  0003        	ret
  10  0011              _SEOS_init endp
  10  0011              #line 10 "E:\1_TOSHIBA\Projects\voltage_stabilizer\PeakDetector_v0.3\seos.c"
  10  0011              #pragma debug scope 1 1
  10  0011              public _SEOS_sleep
  10  0011              #pragma debug scope 3 1
  14  0011              #line 14 "E:\1_TOSHIBA\Projects\voltage_stabilizer\PeakDetector_v0.3\seos.c"
  14  0000              _SEOS_sleep .section 'code'
  14  0000              _SEOS_sleep proc
  15  0000              #line 15 "E:\1_TOSHIBA\Projects\voltage_stabilizer\PeakDetector_v0.3\seos.c"
  15  0000              ;# 15 "E:\1_TOSHIBA\Projects\voltage_stabilizer\PeakDetector_v0.3\seos.c" 1
  15  0000  0002        	halt
  15  0001  0003        	ret
  15  0002              _SEOS_sleep endp
  15  0002              #line 15 "E:\1_TOSHIBA\Projects\voltage_stabilizer\PeakDetector_v0.3\seos.c"
  15  0002              #pragma debug scope 1 1
  15  0002              public _ISR_tmr2
  15  0002              #pragma debug scope 4 1
  19  0002              #line 19 "E:\1_TOSHIBA\Projects\voltage_stabilizer\PeakDetector_v0.3\seos.c"
  19  0000              @ISR_tmr2_code .section at 16 'code'
  19  0000  0080     E  	mov r1,a
  19  0001  0704        	mov a,bp
  19  0002  0080     E  	mov r2,a
  19  0003  2800     R  	jmp _ISR_tmr2
  19  0004              #pragma debug scope 1 1
  19  0004              @dummy16 endp
  19  0004              #pragma debug scope 5 1
  19  0000              _ISR_tmr2 .section 'code'
  19  0000              _ISR_tmr2 proc
  19  0000  070A        	mov a,status
  19  0001  0080     E  	mov r3,a
"File: seos.c        Assembler  Version HGASM0202      Page 3

  19  0002  0703        	mov a,mp
  19  0003  0080     E  	mov r4,a
  19  0004  0701        	mov a,sbp
  19  0005  0080     E  	mov r5,a
  19  0006  0707        	mov a,tblp
  19  0007  0080     E  	mov r6,a
  19  0008  0709        	mov a,tbhp
  19  0009  0080     E  	mov r7,a
  20  000A              #line 20 "E:\1_TOSHIBA\Projects\voltage_stabilizer\PeakDetector_v0.3\seos.c"
  20  000A  2000     E  	call _ADC_update
  21  000B              #line 21 "E:\1_TOSHIBA\Projects\voltage_stabilizer\PeakDetector_v0.3\seos.c"
  21  000B  2000     E  	call _EEPROM_update
  22  000C              #line 22 "E:\1_TOSHIBA\Projects\voltage_stabilizer\PeakDetector_v0.3\seos.c"
  22  000C  2000     E  	call _UART_update
  23  000D              #line 23 "E:\1_TOSHIBA\Projects\voltage_stabilizer\PeakDetector_v0.3\seos.c"
  23  000D  3792        	clr [18].7
  23  000E  360F        	clr [15].4
  23  000F  0700     E  	mov a,r2
  23  0010  0084        	mov bp,a
  23  0011  0700     E  	mov a,r3
  23  0012  008A        	mov status,a
  23  0013  0700     E  	mov a,r4
  23  0014  0083        	mov mp,a
  23  0015  0700     E  	mov a,r5
  23  0016  0081        	mov sbp,a
  23  0017  0700     E  	mov a,r6
  23  0018  0087        	mov tblp,a
  23  0019  0700     E  	mov a,r7
  23  001A  0089        	mov tbhp,a
  23  001B  1D05        	tabrdc acc
  23  001C  0700     E  	mov a,r1
  23  001D  0004        	reti
  23  001E              _ISR_tmr2 endp
  23  001E              
  23  001E              #line 23 "E:\1_TOSHIBA\Projects\voltage_stabilizer\PeakDetector_v0.3\seos.c"
  23  001E              #pragma debug scope 1 1
  23  001E              #pragma debug struct_end
  23  001E              #pragma debug struct_end
  23  001E              #pragma debug union_end
  23  001E              #pragma debug union_end
  23  001E              #pragma debug variable 43 1 ___intc0 "__intc0" 1
  23  001E              #pragma debug struct_end
  23  001E              #pragma debug struct_end
  23  001E              #pragma debug union_end
  23  001E              #pragma debug union_end
  23  001E              #pragma debug variable 45 1 ___intc1 "__intc1" 1
  23  001E              #pragma debug struct_end
  23  001E              #pragma debug struct_end
  23  001E              #pragma debug union_end
  23  001E              #pragma debug union_end
  23  001E              #pragma debug variable 47 1 ___mfi1 "__mfi1" 1
  23  001E              #pragma debug struct_end
  23  001E              #pragma debug struct_end
  23  001E              #pragma debug union_end
  23  001E              #pragma debug union_end
  23  001E              #pragma debug variable 49 1 ___tm2c0 "__tm2c0" 1
  23  001E              #pragma debug struct_end
  23  001E              #pragma debug struct_end
  23  001E              #pragma debug union_end
  23  001E              #pragma debug union_end
"File: seos.c        Assembler  Version HGASM0202      Page 4

  23  001E              #pragma debug variable 51 1 ___tm2c1 "__tm2c1" 1
  23  001E              #pragma debug variable 8 1 ___tm2al "__tm2al" 1
  23  001E              #pragma debug variable 8 1 ___tm2ah "__tm2ah" 1
  23  001E              extern r1:byte
  23  001E              extern r2:byte
  23  001E              extern r3:byte
  23  001E              extern r4:byte
  23  001E              extern r5:byte
  23  001E              extern r6:byte
  23  001E              extern r7:byte
  23  001E              extern _ADC_update:near
  23  001E              extern _EEPROM_update:near
  23  001E              extern _UART_update:near
  23  001E              
  23  001E              ; 
  23  001E              ; Generated by holtek-gcc v3.14, Sun May 06 10:06:58 2018
  23  001E              ; Rebuild 10
  23  001E              ; end of file


        0 Errors, 0